Start testing: Feb 18 18:41 +07
----------------------------------------------------------
1/1 Testing: core_tests
1/1 Test: core_tests
Command: "/root/.openclaw/workspace/vertel-bot/build/core_tests"
Directory: /root/.openclaw/workspace/vertel-bot/build
"core_tests" start time: Feb 18 18:41 +07
Output:
----------------------------------------------------------
<end of output>
Test time =   0.00 sec
----------------------------------------------------------
Test Passed.
"core_tests" end time: Feb 18 18:41 +07
"core_tests" time elapsed: 00:00:00
----------------------------------------------------------

End testing: Feb 18 18:41 +07
